2025-06-25 16:24:43 - --- Starting Resource Discovery Script ---
2025-06-25 16:24:43 - Initializing output files...
2025-06-25 16:24:43 - Fetching AWS Account ID...
2025-06-25 16:24:43 - Successfully fetched AWS Account ID: 123456789012
2025-06-25 16:24:43 - Processing region: us-east-1
2025-06-25 16:24:43 - Discovering Lambda functions in us-east-1 with outdated runtimes (python3.9 python3.8 python3.7 python3.6 python2.7)...
2025-06-25 16:24:43 - Lambda function discovery in us-east-1 complete. Results appended.
2025-06-25 16:24:43 - Discovering self-owned SSM Automation documents in us-east-1...
2025-06-25 16:24:43 - Found SSM documents in us-east-1: MyAutomationDocEast1	AnotherEastDoc. Constructing ARNs...
2025-06-25 16:24:43 - SSM Automation document ARN construction in us-east-1 complete.
2025-06-25 16:24:43 - Processing region: eu-west-1
2025-06-25 16:24:43 - Discovering Lambda functions in eu-west-1 with outdated runtimes (python3.9 python3.8 python3.7 python3.6 python2.7)...
2025-06-25 16:24:43 - Lambda function discovery in eu-west-1 complete. Results appended.
2025-06-25 16:24:43 - Discovering self-owned SSM Automation documents in eu-west-1...
2025-06-25 16:24:43 - Found SSM documents in eu-west-1: SSMDocWest1. Constructing ARNs...
2025-06-25 16:24:43 - SSM Automation document ARN construction in eu-west-1 complete.
2025-06-25 16:24:43 - Processing region: us-gov-1
2025-06-25 16:24:43 - Discovering Lambda functions in us-gov-1 with outdated runtimes (python3.9 python3.8 python3.7 python3.6 python2.7)...
2025-06-25 16:24:43 - Lambda function discovery in us-gov-1 complete. Results appended.
2025-06-25 16:24:43 - Discovering self-owned SSM Automation documents in us-gov-1...
2025-06-25 16:24:43 - No self-owned SSM Automation documents found in us-gov-1.
2025-06-25 16:24:43 - --- Resource Discovery Script Finished ---
2025-06-25 16:24:43 - Lambda functions to update written to: lambda_functions_to_update.txt
2025-06-25 16:24:43 - SSM automations to update (ALL self-owned) written to: ssm_automations_to_update.txt
2025-06-25 16:24:43 - IMPORTANT: Review ssm_automations_to_update.txt. It contains ALL self-owned SSM automations. Manual review or a more advanced script is needed to filter by specific Python runtimes used within document content.
